/content/yolov9/train.py:108: FutureWarning: You are using `torch.load` with `weights_only=False` (the current default value), which uses the default pickle module implicitly. It is possible to construct malicious pickle data which will execute arbitrary code during unpickling (See https://github.com/pytorch/pytorch/blob/main/SECURITY.md#untrusted-models for more details). In a future release, the default value for `weights_only` will be flipped to `True`. This limits the functions that could be executed during unpickling. Arbitrary objects will no longer be allowed to be loaded via this mode unless they are explicitly allowlisted by the user via `torch.serialization.add_safe_globals`. We recommend you start setting `weights_only=True` for any use case where you don't have full control of the loaded file. Please open an issue on GitHub for any issues related to this experimental feature.
  ckpt = torch.load(weights, map_location='cpu')  # load checkpoint to CPU to avoid CUDA memory leak
Overriding model.yaml nc=80 with nc=3

                 from  n    params  module                                  arguments
  0                -1  1      1856  models.common.Conv                      [3, 64, 3, 2]
  1                -1  1     73984  models.common.Conv                      [64, 128, 3, 2]
  2                -1  1    212864  models.common.RepNCSPELAN4              [128, 256, 128, 64, 1]
  3                -1  1    164352  models.common.ADown                     [256, 256]
  4                -1  1    847616  models.common.RepNCSPELAN4              [256, 512, 256, 128, 1]
  5                -1  1    656384  models.common.ADown                     [512, 512]
  6                -1  1   2857472  models.common.RepNCSPELAN4              [512, 512, 512, 256, 1]
  7                -1  1    656384  models.common.ADown                     [512, 512]
  8                -1  1   2857472  models.common.RepNCSPELAN4              [512, 512, 512, 256, 1]
  9                -1  1    656896  models.common.SPPELAN                   [512, 512, 256]
 10                -1  1         0  torch.nn.modules.upsampling.Upsample    [None, 2, 'nearest']
 11           [-1, 6]  1         0  models.common.Concat                    [1]
 12                -1  1   3119616  models.common.RepNCSPELAN4              [1024, 512, 512, 256, 1]
 13                -1  1         0  torch.nn.modules.upsampling.Upsample    [None, 2, 'nearest']
 14           [-1, 4]  1         0  models.common.Concat                    [1]
 15                -1  1    912640  models.common.RepNCSPELAN4              [1024, 256, 256, 128, 1]
 16                -1  1    164352  models.common.ADown                     [256, 256]
 17          [-1, 12]  1         0  models.common.Concat                    [1]
 18                -1  1   2988544  models.common.RepNCSPELAN4              [768, 512, 512, 256, 1]
 19                -1  1    656384  models.common.ADown                     [512, 512]
 20           [-1, 9]  1         0  models.common.Concat                    [1]
 21                -1  1   3119616  models.common.RepNCSPELAN4              [1024, 512, 512, 256, 1]
 22      [15, 18, 21]  1   5492953  models.yolo.DDetect                     [3, [256, 512, 512]]
gelan-c summary: 621 layers, 25439385 parameters, 25439369 gradients, 103.2 GFLOPs

Transferred 931/937 items from /content/weights/gelan-c.pt
[34m[1mAMP: [0mchecks passed âœ…
[34m[1moptimizer:[0m SGD(lr=0.01) with parameter groups 154 weight(decay=0.0), 161 weight(decay=0.0005), 160 bias
[34m[1malbumentations: [0mBlur(p=0.01, blur_limit=(3, 7)), MedianBlur(p=0.01, blur_limit=(3, 7)), ToGray(p=0.01, num_output_channels=3, method='weighted_average'), CLAHE(p=0.01, clip_limit=(1.0, 4.0), tile_grid_size=(8, 8))
[34m[1mtrain: [0mScanning /content/yolov9/k4/train/labels... 83 images, 0 backgrounds, 0 corrupt: 100% 83/83 [00:00<00:00, 635.49it/s]
[34m[1mtrain: [0mNew cache created: /content/yolov9/k4/train/labels.cache
[34m[1mval: [0mScanning /content/yolov9/k4/valid/labels... 23 images, 0 backgrounds, 0 corrupt: 100% 23/23 [00:00<00:00, 546.19it/s]
[34m[1mval: [0mNew cache created: /content/yolov9/k4/valid/labels.cache
Plotting labels to runs/train/exp8/labels.jpg...
/content/yolov9/train.py:244: FutureWarning: `torch.cuda.amp.GradScaler(args...)` is deprecated. Please use `torch.amp.GradScaler('cuda', args...)` instead.
  scaler = torch.cuda.amp.GradScaler(enabled=amp)
Image sizes 640 train, 640 val
Using 2 dataloader workers
Logging results to [1mruns/train/exp8[0m
Starting training for 25 epochs...

      Epoch    GPU_mem   box_loss   cls_loss   dfl_loss  Instances       Size
  0% 0/6 [00:00<?, ?it/s]/content/yolov9/train.py:302: FutureWarning: `torch.cuda.amp.autocast(args...)` is deprecated. Please use `torch.amp.autocast('cuda', args...)` instead.
  with torch.cuda.amp.autocast(amp):
       0/24      10.8G      2.527      4.782        1.9        187        640:   0% 0/6 [00:03<?, ?it/s]Exception in thread Thread-13 (plot_images):
Traceback (most recent call last):
  File "/usr/lib/python3.10/threading.py", line 1016, in _bootstrap_inner
    self.run()
  File "/usr/lib/python3.10/threading.py", line 953, in run
    self._target(*self._args, **self._kwargs)
  File "/content/yolov9/utils/plots.py", line 300, in plot_images
    annotator.box_label(box, label, color=color)
  File "/content/yolov9/utils/plots.py", line 86, in box_label
    w, h = self.font.getsize(label)  # text width, height
AttributeError: 'FreeTypeFont' object has no attribute 'getsize'
       0/24      10.8G      2.527      4.782        1.9        187        640:  17% 1/6 [00:09<00:47,  9.56s/it]/content/yolov9/train.py:302: FutureWarning: `torch.cuda.amp.autocast(args...)` is deprecated. Please use `torch.amp.autocast('cuda', args...)` instead.
  with torch.cuda.amp.autocast(amp):
       0/24      11.7G      2.566      4.511      2.049        270        640:  33% 2/6 [00:10<00:17,  4.49s/it]Exception in thread Thread-14 (plot_images):
Traceback (most recent call last):
  File "/usr/lib/python3.10/threading.py", line 1016, in _bootstrap_inner
    self.run()
  File "/usr/lib/python3.10/threading.py", line 953, in run
    self._target(*self._args, **self._kwargs)
  File "/content/yolov9/utils/plots.py", line 300, in plot_images
    annotator.box_label(box, label, color=color)
  File "/content/yolov9/utils/plots.py", line 86, in box_label
    w, h = self.font.getsize(label)  # text width, height
AttributeError: 'FreeTypeFont' object has no attribute 'getsize'
       0/24      11.7G      2.501      4.488      2.031        135        640:  50% 3/6 [00:11<00:08,  2.82s/it]Exception in thread Thread-15 (plot_images):
Traceback (most recent call last):
  File "/usr/lib/python3.10/threading.py", line 1016, in _bootstrap_inner
    self.run()
  File "/usr/lib/python3.10/threading.py", line 953, in run
    self._target(*self._args, **self._kwargs)
  File "/content/yolov9/utils/plots.py", line 300, in plot_images
    annotator.box_label(box, label, color=color)
  File "/content/yolov9/utils/plots.py", line 86, in box_label
    w, h = self.font.getsize(label)  # text width, height
AttributeError: 'FreeTypeFont' object has no attribute 'getsize'
       0/24      11.7G      2.552      4.441      2.163         22        640: 100% 6/6 [00:13<00:00,  2.26s/it]
                 Class     Images  Instances          P          R      mAP50   mAP50-95: 100% 1/1 [00:00<00:00,  1.49it/s]
                   all         23        126     0.0312     0.0291    0.00636    0.00212

      Epoch    GPU_mem   box_loss   cls_loss   dfl_loss  Instances       Size
       1/24      11.7G       2.68      4.268      2.049         54        640: 100% 6/6 [00:05<00:00,  1.19it/s]
                 Class     Images  Instances          P          R      mAP50   mAP50-95: 100% 1/1 [00:03<00:00,  3.26s/it]
                   all         23        126     0.0215     0.0822     0.0107    0.00334
Traceback (most recent call last):
  File "/usr/local/lib/python3.10/dist-packages/torch/serialization.py", line 850, in save
    _save(
  File "/usr/local/lib/python3.10/dist-packages/torch/serialization.py", line 1114, in _save
    zip_file.write_record(name, storage, num_bytes)
KeyboardInterrupt

During handling of the above exception, another exception occurred:

Traceback (most recent call last):
  File "/content/yolov9/train.py", line 634, in <module>
    main(opt)
  File "/content/yolov9/train.py", line 528, in main
    train(opt.hyp, opt, device, callbacks)
  File "/content/yolov9/train.py", line 381, in train
    torch.save(ckpt, best)
  File "/usr/local/lib/python3.10/dist-packages/torch/serialization.py", line 849, in save
    with _open_zipfile_writer(f) as opened_zipfile:
  File "/usr/local/lib/python3.10/dist-packages/torch/serialization.py", line 690, in __exit__
    self.file_like.write_end_of_file()
KeyboardInterrupt
